[2026-02-23T15:00:01.218Z] ShiputzAI Monitor running...
No new alerts
[2026-02-23T16:00:01.759Z] ShiputzAI Monitor running...
No new alerts
[2026-02-23T17:00:01.774Z] ShiputzAI Monitor running...
No new alerts
[2026-02-23T18:00:01.622Z] ShiputzAI Monitor running...
No new alerts
[2026-02-23T19:00:01.845Z] ShiputzAI Monitor running...
No new alerts
[2026-02-23T20:00:01.452Z] ShiputzAI Monitor running...
No new alerts
[2026-02-23T21:00:01.668Z] ShiputzAI Monitor running...
No new alerts
[2026-02-23T22:00:01.482Z] ShiputzAI Monitor running...
No new alerts
[2026-02-23T23:00:01.637Z] ShiputzAI Monitor running...
No new alerts
[2026-02-24T00:00:02.156Z] ShiputzAI Monitor running...
No new alerts
[2026-02-24T01:00:01.873Z] ShiputzAI Monitor running...
No new alerts
[2026-02-24T02:00:01.229Z] ShiputzAI Monitor running...
No new alerts
[2026-02-24T03:00:01.280Z] ShiputzAI Monitor running...
No new alerts
[2026-02-24T04:00:01.502Z] ShiputzAI Monitor running...
No new alerts
[2026-02-24T05:00:01.660Z] ShiputzAI Monitor running...
No new alerts
[2026-02-24T06:00:01.237Z] ShiputzAI Monitor running...
No new alerts
[2026-02-24T07:00:01.993Z] ShiputzAI Monitor running...
No new alerts
[2026-02-24T08:00:01.962Z] ShiputzAI Monitor running...
No new alerts
Daily summary sent
[2026-02-24T09:00:01.630Z] ShiputzAI Monitor running...
No new alerts
[2026-02-24T10:00:01.779Z] ShiputzAI Monitor running...
No new alerts
[2026-02-24T11:00:01.694Z] ShiputzAI Monitor running...
No new alerts
[2026-02-24T12:00:01.779Z] ShiputzAI Monitor running...
No new alerts
[2026-02-24T13:00:01.744Z] ShiputzAI Monitor running...
No new alerts
[2026-02-24T14:00:01.708Z] ShiputzAI Monitor running...
No new alerts
[2026-02-24T15:00:01.833Z] ShiputzAI Monitor running...
No new alerts
[2026-02-24T16:00:01.473Z] ShiputzAI Monitor running...
No new alerts
[2026-02-24T17:00:01.190Z] ShiputzAI Monitor running...
No new alerts
[2026-02-24T18:00:01.440Z] ShiputzAI Monitor running...
No new alerts
[2026-02-24T19:00:01.426Z] ShiputzAI Monitor running...
No new alerts
[2026-02-24T20:00:02.107Z] ShiputzAI Monitor running...
No new alerts
[2026-02-24T21:00:01.982Z] ShiputzAI Monitor running...
No new alerts
[2026-02-24T22:00:02.056Z] ShiputzAI Monitor running...
No new alerts
[2026-02-24T23:00:02.046Z] ShiputzAI Monitor running...
No new alerts
[2026-02-25T00:00:02.251Z] ShiputzAI Monitor running...
No new alerts
[2026-02-25T01:00:01.311Z] ShiputzAI Monitor running...
No new alerts
[2026-02-25T02:00:02.130Z] ShiputzAI Monitor running...
No new alerts
[2026-02-25T03:00:01.972Z] ShiputzAI Monitor running...
No new alerts
[2026-02-25T04:00:01.951Z] ShiputzAI Monitor running...
No new alerts
[2026-02-25T05:00:01.650Z] ShiputzAI Monitor running...
No new alerts
[2026-02-25T06:00:01.556Z] ShiputzAI Monitor running...
No new alerts
[2026-02-25T07:00:01.766Z] ShiputzAI Monitor running...
No new alerts
[2026-02-25T08:00:01.546Z] ShiputzAI Monitor running...
No new alerts
Daily summary sent
[2026-02-25T09:00:01.547Z] ShiputzAI Monitor running...
No new alerts
[2026-02-25T10:00:01.242Z] ShiputzAI Monitor running...
No new alerts
[2026-02-25T11:00:01.388Z] ShiputzAI Monitor running...
No new alerts
[2026-02-25T12:00:01.245Z] ShiputzAI Monitor running...
No new alerts
[2026-02-25T13:00:02.017Z] ShiputzAI Monitor running...
No new alerts
[2026-02-25T14:00:01.498Z] ShiputzAI Monitor running...
No new alerts
[2026-02-25T15:00:02.071Z] ShiputzAI Monitor running...
No new alerts
[2026-02-25T16:00:01.495Z] ShiputzAI Monitor running...
No new alerts
[2026-02-25T17:00:01.707Z] ShiputzAI Monitor running...
No new alerts
[2026-02-25T18:00:01.844Z] ShiputzAI Monitor running...
No new alerts
[2026-02-25T19:00:02.060Z] ShiputzAI Monitor running...
No new alerts
[2026-02-25T20:00:01.685Z] ShiputzAI Monitor running...
No new alerts
[2026-02-25T21:00:01.361Z] ShiputzAI Monitor running...
No new alerts
[2026-02-25T22:00:01.143Z] ShiputzAI Monitor running...
No new alerts
[2026-02-25T23:00:01.762Z] ShiputzAI Monitor running...
No new alerts
[2026-02-26T00:00:01.914Z] ShiputzAI Monitor running...
No new alerts
[2026-02-26T01:00:02.050Z] ShiputzAI Monitor running...
No new alerts
[2026-02-26T02:00:01.218Z] ShiputzAI Monitor running...
No new alerts
[2026-02-26T03:00:02.129Z] ShiputzAI Monitor running...
No new alerts
[2026-02-26T04:00:01.314Z] ShiputzAI Monitor running...
No new alerts
[2026-02-26T05:00:01.286Z] ShiputzAI Monitor running...
No new alerts
[2026-02-26T06:00:01.719Z] ShiputzAI Monitor running...
No new alerts
[2026-02-26T07:00:01.205Z] ShiputzAI Monitor running...
No new alerts
[2026-02-26T08:00:01.633Z] ShiputzAI Monitor running...
No new alerts
Daily summary sent
[2026-02-26T09:00:01.457Z] ShiputzAI Monitor running...
No new alerts
[2026-02-26T10:00:01.380Z] ShiputzAI Monitor running...
No new alerts
[2026-02-26T11:00:01.126Z] ShiputzAI Monitor running...
No new alerts
[2026-02-26T12:00:01.906Z] ShiputzAI Monitor running...
No new alerts
[2026-02-26T13:00:01.463Z] ShiputzAI Monitor running...
No new alerts
[2026-02-26T14:00:01.653Z] ShiputzAI Monitor running...
No new alerts
[2026-02-26T15:00:01.942Z] ShiputzAI Monitor running...
No new alerts
[2026-02-26T16:00:02.075Z] ShiputzAI Monitor running...
No new alerts
[2026-02-26T17:00:01.856Z] ShiputzAI Monitor running...
No new alerts
[2026-02-26T18:00:01.755Z] ShiputzAI Monitor running...
No new alerts
[2026-02-26T19:00:01.295Z] ShiputzAI Monitor running...
No new alerts
[2026-02-26T20:00:01.654Z] ShiputzAI Monitor running...
No new alerts
[2026-02-26T21:00:01.460Z] ShiputzAI Monitor running...
No new alerts
[2026-02-26T22:00:01.667Z] ShiputzAI Monitor running...
No new alerts
[2026-02-26T23:00:01.763Z] ShiputzAI Monitor running...
No new alerts
[2026-02-27T00:00:01.878Z] ShiputzAI Monitor running...
No new alerts
[2026-02-27T01:00:01.328Z] ShiputzAI Monitor running...
No new alerts
[2026-02-27T02:00:01.887Z] ShiputzAI Monitor running...
No new alerts
[2026-02-27T03:00:01.371Z] ShiputzAI Monitor running...
No new alerts
[2026-02-27T04:00:01.970Z] ShiputzAI Monitor running...
No new alerts
[2026-02-27T05:00:01.464Z] ShiputzAI Monitor running...
No new alerts
[2026-02-27T06:00:01.813Z] ShiputzAI Monitor running...
No new alerts
[2026-02-27T07:00:02.182Z] ShiputzAI Monitor running...
No new alerts
[2026-02-27T08:00:01.771Z] ShiputzAI Monitor running...
No new alerts
Daily summary sent
[2026-02-27T09:00:01.627Z] ShiputzAI Monitor running...
No new alerts
[2026-02-27T10:00:01.907Z] ShiputzAI Monitor running...
No new alerts
[2026-02-27T11:00:01.609Z] ShiputzAI Monitor running...
No new alerts
[2026-02-27T12:00:02.051Z] ShiputzAI Monitor running...
No new alerts
[2026-02-27T13:00:01.189Z] ShiputzAI Monitor running...
No new alerts
[2026-02-27T14:00:01.887Z] ShiputzAI Monitor running...
No new alerts
[2026-02-27T15:00:01.137Z] ShiputzAI Monitor running...
No new alerts
[2026-02-27T16:00:01.403Z] ShiputzAI Monitor running...
No new alerts
[2026-02-27T17:00:01.449Z] ShiputzAI Monitor running...
No new alerts
[2026-02-27T18:00:01.487Z] ShiputzAI Monitor running...
No new alerts
[2026-02-27T19:00:01.132Z] ShiputzAI Monitor running...
No new alerts
[2026-02-27T20:00:02.124Z] ShiputzAI Monitor running...
No new alerts
[2026-02-27T21:00:02.021Z] ShiputzAI Monitor running...
No new alerts
[2026-02-27T22:00:01.621Z] ShiputzAI Monitor running...
No new alerts
[2026-02-27T23:00:02.270Z] ShiputzAI Monitor running...
No new alerts
[2026-02-28T00:00:02.037Z] ShiputzAI Monitor running...
No new alerts
[2026-02-28T01:00:02.010Z] ShiputzAI Monitor running...
No new alerts
[2026-02-28T02:00:02.044Z] ShiputzAI Monitor running...
No new alerts
[2026-02-28T03:00:01.649Z] ShiputzAI Monitor running...
No new alerts
[2026-02-28T04:00:01.604Z] ShiputzAI Monitor running...
No new alerts
[2026-02-28T05:00:01.374Z] ShiputzAI Monitor running...
No new alerts
[2026-02-28T06:00:02.092Z] ShiputzAI Monitor running...
No new alerts
[2026-02-28T07:00:02.011Z] ShiputzAI Monitor running...
No new alerts
[2026-02-28T08:00:01.999Z] ShiputzAI Monitor running...
No new alerts
Daily summary sent
[2026-02-28T09:20:59.616Z] ShiputzAI Monitor running...
Alert sent: [ '📊 1 משתמשים מתקרבים למכסה החודשית' ]
[2026-02-28T10:00:02.101Z] ShiputzAI Monitor running...
No new alerts
[2026-02-28T11:00:02.009Z] ShiputzAI Monitor running...
No new alerts
[2026-02-28T12:00:02.622Z] ShiputzAI Monitor running...
No new alerts
[2026-02-28T13:00:01.752Z] ShiputzAI Monitor running...
No new alerts
[2026-02-28T14:00:02.396Z] ShiputzAI Monitor running...
No new alerts
[2026-02-28T15:00:02.580Z] ShiputzAI Monitor running...
No new alerts
[2026-02-28T16:00:01.596Z] ShiputzAI Monitor running...
No new alerts
[2026-02-28T17:00:01.799Z] ShiputzAI Monitor running...
No new alerts
[2026-02-28T18:00:02.364Z] ShiputzAI Monitor running...
No new alerts
[2026-02-28T19:00:01.579Z] ShiputzAI Monitor running...
No new alerts
[2026-02-28T20:00:01.118Z] ShiputzAI Monitor running...
No new alerts
[2026-02-28T21:00:01.640Z] ShiputzAI Monitor running...
No new alerts
[2026-02-28T22:00:01.813Z] ShiputzAI Monitor running...
No new alerts
[2026-02-28T23:00:01.957Z] ShiputzAI Monitor running...
No new alerts
[2026-03-01T00:00:01.742Z] ShiputzAI Monitor running...
No new alerts
[2026-03-01T01:00:02.079Z] ShiputzAI Monitor running...
No new alerts
[2026-03-01T02:00:02.036Z] ShiputzAI Monitor running...
No new alerts
[2026-03-01T03:00:01.830Z] ShiputzAI Monitor running...
No new alerts
[2026-03-01T04:00:01.759Z] ShiputzAI Monitor running...
No new alerts
[2026-03-01T05:00:01.825Z] ShiputzAI Monitor running...
No new alerts
[2026-03-01T06:00:02.133Z] ShiputzAI Monitor running...
No new alerts
[2026-03-01T07:00:01.581Z] ShiputzAI Monitor running...
No new alerts
[2026-03-01T08:00:01.431Z] ShiputzAI Monitor running...
No new alerts
Daily summary sent
[2026-03-01T09:00:02.328Z] ShiputzAI Monitor running...
No new alerts
[2026-03-01T10:00:01.445Z] ShiputzAI Monitor running...
No new alerts
[2026-03-01T11:00:01.660Z] ShiputzAI Monitor running...
No new alerts
[2026-03-01T12:00:01.605Z] ShiputzAI Monitor running...
No new alerts
[2026-03-01T13:00:01.916Z] ShiputzAI Monitor running...
No new alerts
[2026-03-01T14:00:01.357Z] ShiputzAI Monitor running...
No new alerts
[2026-03-01T15:00:01.325Z] ShiputzAI Monitor running...
No new alerts
[2026-03-01T16:00:02.069Z] ShiputzAI Monitor running...
No new alerts
[2026-03-01T17:00:01.847Z] ShiputzAI Monitor running...
No new alerts
[2026-03-01T18:00:01.344Z] ShiputzAI Monitor running...
No new alerts
[2026-03-01T19:00:01.924Z] ShiputzAI Monitor running...
No new alerts
[2026-03-01T20:00:01.972Z] ShiputzAI Monitor running...
No new alerts
[2026-03-01T21:00:02.003Z] ShiputzAI Monitor running...
No new alerts
[2026-03-01T22:00:01.851Z] ShiputzAI Monitor running...
No new alerts
[2026-03-01T23:00:01.591Z] ShiputzAI Monitor running...
No new alerts
[2026-03-02T00:00:02.005Z] ShiputzAI Monitor running...
No new alerts
[2026-03-02T01:00:01.986Z] ShiputzAI Monitor running...
No new alerts
[2026-03-02T02:00:01.492Z] ShiputzAI Monitor running...
No new alerts
[2026-03-02T03:00:01.852Z] ShiputzAI Monitor running...
No new alerts
[2026-03-02T04:00:02.278Z] ShiputzAI Monitor running...
No new alerts
[2026-03-02T05:00:01.357Z] ShiputzAI Monitor running...
No new alerts
[2026-03-02T06:00:01.598Z] ShiputzAI Monitor running...
No new alerts
[2026-03-02T07:00:01.694Z] ShiputzAI Monitor running...
No new alerts
[2026-03-02T08:00:01.822Z] ShiputzAI Monitor running...
No new alerts
Daily summary sent
[2026-03-02T09:00:02.168Z] ShiputzAI Monitor running...
No new alerts
[2026-03-02T10:00:01.563Z] ShiputzAI Monitor running...
No new alerts
[2026-03-02T11:00:01.423Z] ShiputzAI Monitor running...
No new alerts
[2026-03-02T12:00:01.598Z] ShiputzAI Monitor running...
No new alerts
[2026-03-02T13:00:01.321Z] ShiputzAI Monitor running...
No new alerts
[2026-03-02T14:00:02.127Z] ShiputzAI Monitor running...
No new alerts
[2026-03-02T15:00:01.744Z] ShiputzAI Monitor running...
No new alerts
[2026-03-02T16:00:01.664Z] ShiputzAI Monitor running...
Alert sent: [ '📊 1 משתמשים מתקרבים למכסה החודשית' ]
[2026-03-02T17:00:01.601Z] ShiputzAI Monitor running...
No new alerts
[2026-03-02T18:00:02.605Z] ShiputzAI Monitor running...
No new alerts
[2026-03-02T19:00:01.800Z] ShiputzAI Monitor running...
No new alerts
[2026-03-02T20:00:01.812Z] ShiputzAI Monitor running...
No new alerts
[2026-03-02T21:00:02.140Z] ShiputzAI Monitor running...
No new alerts
[2026-03-02T22:00:01.967Z] ShiputzAI Monitor running...
No new alerts
[2026-03-02T23:00:01.522Z] ShiputzAI Monitor running...
No new alerts
[2026-03-03T00:00:01.414Z] ShiputzAI Monitor running...
No new alerts
[2026-03-03T01:00:01.659Z] ShiputzAI Monitor running...
No new alerts
[2026-03-03T02:00:02.055Z] ShiputzAI Monitor running...
No new alerts
[2026-03-03T03:00:01.375Z] ShiputzAI Monitor running...
No new alerts
[2026-03-03T04:00:01.697Z] ShiputzAI Monitor running...
No new alerts
[2026-03-03T05:00:01.854Z] ShiputzAI Monitor running...
No new alerts
[2026-03-03T06:00:02.258Z] ShiputzAI Monitor running...
No new alerts
[2026-03-03T07:00:01.461Z] ShiputzAI Monitor running...
No new alerts
[2026-03-03T08:00:01.781Z] ShiputzAI Monitor running...
No new alerts
Daily summary sent
[2026-03-03T09:00:02.224Z] ShiputzAI Monitor running...
No new alerts
[2026-03-03T10:00:01.780Z] ShiputzAI Monitor running...
No new alerts
[2026-03-03T11:00:01.927Z] ShiputzAI Monitor running...
No new alerts
[2026-03-03T12:00:01.974Z] ShiputzAI Monitor running...
No new alerts
[2026-03-03T13:00:01.884Z] ShiputzAI Monitor running...
No new alerts
[2026-03-03T14:00:02.474Z] ShiputzAI Monitor running...
No new alerts
[2026-03-03T15:00:01.976Z] ShiputzAI Monitor running...
No new alerts
[2026-03-03T16:00:01.695Z] ShiputzAI Monitor running...
No new alerts
[2026-03-03T17:00:01.594Z] ShiputzAI Monitor running...
No new alerts
[2026-03-03T18:00:02.013Z] ShiputzAI Monitor running...
No new alerts
[2026-03-03T19:00:01.743Z] ShiputzAI Monitor running...
No new alerts
[2026-03-03T20:00:01.935Z] ShiputzAI Monitor running...
No new alerts
[2026-03-03T21:00:01.582Z] ShiputzAI Monitor running...
No new alerts
[2026-03-03T22:00:02.360Z] ShiputzAI Monitor running...
No new alerts
[2026-03-03T23:00:01.669Z] ShiputzAI Monitor running...
No new alerts
[2026-03-04T00:00:02.281Z] ShiputzAI Monitor running...
No new alerts
[2026-03-04T01:00:01.401Z] ShiputzAI Monitor running...
No new alerts
[2026-03-04T02:00:01.843Z] ShiputzAI Monitor running...
No new alerts
[2026-03-04T03:00:02.175Z] ShiputzAI Monitor running...
No new alerts
[2026-03-04T04:00:01.619Z] ShiputzAI Monitor running...
No new alerts
[2026-03-04T05:00:01.316Z] ShiputzAI Monitor running...
No new alerts
[2026-03-04T06:00:02.160Z] ShiputzAI Monitor running...
No new alerts
[2026-03-04T07:00:02.018Z] ShiputzAI Monitor running...
No new alerts
[2026-03-04T08:00:01.494Z] ShiputzAI Monitor running...
No new alerts
Daily summary sent
[2026-03-04T09:00:02.280Z] ShiputzAI Monitor running...
No new alerts
[2026-03-04T10:00:02.437Z] ShiputzAI Monitor running...
No new alerts
[2026-03-04T11:00:01.757Z] ShiputzAI Monitor running...
No new alerts
[2026-03-04T12:00:02.040Z] ShiputzAI Monitor running...
No new alerts
[2026-03-04T13:00:02.203Z] ShiputzAI Monitor running...
No new alerts
[2026-03-04T14:00:01.923Z] ShiputzAI Monitor running...
Alert sent: [ '📊 1 משתמשים עם קרדיטים נמוכים' ]
[2026-03-04T15:00:01.206Z] ShiputzAI Monitor running...
No new alerts
[2026-03-04T16:00:01.504Z] ShiputzAI Monitor running...
No new alerts
[2026-03-04T17:00:01.461Z] ShiputzAI Monitor running...
No new alerts
[2026-03-04T18:00:01.695Z] ShiputzAI Monitor running...
No new alerts
[2026-03-04T19:00:01.846Z] ShiputzAI Monitor running...
No new alerts
[2026-03-04T20:00:02.403Z] ShiputzAI Monitor running...
No new alerts
[2026-03-04T21:00:01.600Z] ShiputzAI Monitor running...
No new alerts
[2026-03-04T22:00:02.278Z] ShiputzAI Monitor running...
No new alerts
[2026-03-04T23:00:02.058Z] ShiputzAI Monitor running...
No new alerts
[2026-03-05T00:00:01.320Z] ShiputzAI Monitor running...
No new alerts
[2026-03-05T01:00:02.176Z] ShiputzAI Monitor running...
No new alerts
[2026-03-05T02:00:01.816Z] ShiputzAI Monitor running...
No new alerts
[2026-03-05T03:00:01.456Z] ShiputzAI Monitor running...
No new alerts
[2026-03-05T04:00:01.598Z] ShiputzAI Monitor running...
No new alerts
[2026-03-05T05:00:01.900Z] ShiputzAI Monitor running...
No new alerts
[2026-03-05T06:00:01.838Z] ShiputzAI Monitor running...
No new alerts
[2026-03-05T07:00:01.975Z] ShiputzAI Monitor running...
No new alerts
[2026-03-05T08:00:01.646Z] ShiputzAI Monitor running...
No new alerts
Daily summary sent
[2026-03-05T09:00:02.169Z] ShiputzAI Monitor running...
No new alerts
[2026-03-05T10:00:01.920Z] ShiputzAI Monitor running...
No new alerts
[2026-03-05T11:00:01.827Z] ShiputzAI Monitor running...
No new alerts
[2026-03-05T12:00:01.930Z] ShiputzAI Monitor running...
No new alerts
[2026-03-05T13:00:02.138Z] ShiputzAI Monitor running...
No new alerts
[2026-03-05T14:00:01.563Z] ShiputzAI Monitor running...
No new alerts
[2026-03-05T15:00:02.210Z] ShiputzAI Monitor running...
No new alerts
[2026-03-05T16:00:02.278Z] ShiputzAI Monitor running...
No new alerts
[2026-03-05T17:00:01.446Z] ShiputzAI Monitor running...
No new alerts
[2026-03-05T18:00:01.686Z] ShiputzAI Monitor running...
No new alerts
[2026-03-05T19:00:01.346Z] ShiputzAI Monitor running...
No new alerts
[2026-03-05T20:00:01.724Z] ShiputzAI Monitor running...
No new alerts
[2026-03-05T21:00:01.891Z] ShiputzAI Monitor running...
No new alerts
[2026-03-05T22:00:01.323Z] ShiputzAI Monitor running...
No new alerts
[2026-03-05T23:00:01.452Z] ShiputzAI Monitor running...
No new alerts
[2026-03-06T00:00:02.289Z] ShiputzAI Monitor running...
No new alerts
[2026-03-06T01:00:01.922Z] ShiputzAI Monitor running...
No new alerts
[2026-03-06T02:00:01.489Z] ShiputzAI Monitor running...
No new alerts
[2026-03-06T03:00:01.965Z] ShiputzAI Monitor running...
No new alerts
[2026-03-06T04:00:02.180Z] ShiputzAI Monitor running...
No new alerts
[2026-03-06T05:00:01.612Z] ShiputzAI Monitor running...
No new alerts
[2026-03-06T06:00:02.437Z] ShiputzAI Monitor running...
No new alerts
[2026-03-06T07:00:01.657Z] ShiputzAI Monitor running...
No new alerts
[2026-03-06T08:00:02.421Z] ShiputzAI Monitor running...
No new alerts
Daily summary sent
[2026-03-06T09:00:02.074Z] ShiputzAI Monitor running...
No new alerts
[2026-03-06T10:00:02.166Z] ShiputzAI Monitor running...
No new alerts
[2026-03-06T11:00:01.613Z] ShiputzAI Monitor running...
No new alerts
[2026-03-06T12:00:01.561Z] ShiputzAI Monitor running...
No new alerts
[2026-03-06T13:00:02.157Z] ShiputzAI Monitor running...
No new alerts
[2026-03-06T14:00:01.753Z] ShiputzAI Monitor running...
No new alerts
[2026-03-06T15:00:02.248Z] ShiputzAI Monitor running...
No new alerts
[2026-03-06T16:00:01.821Z] ShiputzAI Monitor running...
No new alerts
[2026-03-06T17:00:01.259Z] ShiputzAI Monitor running...
No new alerts
[2026-03-06T18:00:02.039Z] ShiputzAI Monitor running...
No new alerts
[2026-03-06T19:00:02.312Z] ShiputzAI Monitor running...
No new alerts
[2026-03-06T20:00:01.739Z] ShiputzAI Monitor running...
No new alerts
[2026-03-06T21:00:01.414Z] ShiputzAI Monitor running...
No new alerts
[2026-03-06T22:00:01.442Z] ShiputzAI Monitor running...
No new alerts
[2026-03-06T23:00:01.753Z] ShiputzAI Monitor running...
No new alerts
[2026-03-07T00:00:02.004Z] ShiputzAI Monitor running...
No new alerts
[2026-03-07T01:00:01.879Z] ShiputzAI Monitor running...
No new alerts
[2026-03-07T02:00:01.627Z] ShiputzAI Monitor running...
No new alerts
[2026-03-07T03:00:01.749Z] ShiputzAI Monitor running...
No new alerts
[2026-03-07T04:00:02.096Z] ShiputzAI Monitor running...
No new alerts
[2026-03-07T05:00:01.757Z] ShiputzAI Monitor running...
No new alerts
[2026-03-07T06:00:01.896Z] ShiputzAI Monitor running...
No new alerts
[2026-03-07T07:00:01.679Z] ShiputzAI Monitor running...
No new alerts
[2026-03-07T08:00:01.666Z] ShiputzAI Monitor running...
No new alerts
Daily summary sent
[2026-03-07T09:00:01.479Z] ShiputzAI Monitor running...
No new alerts
[2026-03-07T10:00:01.724Z] ShiputzAI Monitor running...
No new alerts
[2026-03-07T11:00:01.630Z] ShiputzAI Monitor running...
No new alerts
[2026-03-07T12:00:01.510Z] ShiputzAI Monitor running...
No new alerts
[2026-03-07T13:00:01.428Z] ShiputzAI Monitor running...
No new alerts
[2026-03-07T14:00:01.642Z] ShiputzAI Monitor running...
No new alerts
[2026-03-07T15:00:01.439Z] ShiputzAI Monitor running...
No new alerts
